2016-11-29 16:06:36,238 [Worker-9] INFO  o.e.m.c.i.l.LifecycleMappingFactory - Using org.eclipse.m2e.jdt.JarLifecycleMapping lifecycle mapping for MavenProject: com.malinki.pz:backend:0.1.0 @ C:\Users\Jan\ProjektPZ\backend\pom.xml.
2016-11-29 16:06:48,489 [Worker-9] INFO  o.e.m.j.i.AbstractJavaProjectConfigurator - Adding source folder /backend/src/main/java
2016-11-29 16:06:48,490 [Worker-9] INFO  o.e.m.j.i.AbstractJavaProjectConfigurator - Adding resource folder /backend/src/main/resources
2016-11-29 16:06:48,504 [Worker-9] INFO  o.e.m.j.i.AbstractJavaProjectConfigurator - Adding resource folder /backend/src/main/resources
2016-11-29 16:06:48,505 [Worker-9] INFO  o.e.m.j.i.AbstractJavaProjectConfigurator - Adding source folder /backend/src/test/java
2016-11-29 16:06:55,919 [Worker-9] INFO  o.e.m.c.i.p.ProjectConfigurationManager - Imported and configured 1 project(s) in 39 sec
2016-11-29 16:07:00,339 [Worker-9] INFO  o.e.m.c.i.embedder.EclipseLogger - Using 'UTF-8' encoding to copy filtered resources.
2016-11-29 16:07:00,430 [Worker-9] INFO  o.e.m.c.i.embedder.EclipseLogger - Copying 0 resource
2016-11-29 16:07:00,431 [Worker-9] INFO  o.e.m.c.i.embedder.EclipseLogger - Copying 2 resources
2016-11-29 16:07:00,824 [Worker-9] INFO  o.e.m.c.i.embedder.EclipseLogger - Using 'UTF-8' encoding to copy filtered resources.
2016-11-29 16:07:00,824 [Worker-9] INFO  o.e.m.c.i.embedder.EclipseLogger - skip non existing resourceDirectory C:\Users\Jan\ProjektPZ\backend\src\test\resources
2016-11-29 16:16:36,666 [Worker-17] INFO  o.e.m.c.i.l.LifecycleMappingFactory - Using org.eclipse.m2e.jdt.JarLifecycleMapping lifecycle mapping for MavenProject: com.malinki.pz:backend:0.1.0 @ C:\Users\Jan\ProjektPZ\backend\pom.xml.
2016-11-29 16:16:39,823 [Worker-17] INFO  o.e.m.c.i.embedder.EclipseLogger - Using 'UTF-8' encoding to copy filtered resources.
2016-11-29 16:16:39,858 [Worker-17] INFO  o.e.m.c.i.embedder.EclipseLogger - Copying 0 resource
2016-11-29 16:16:39,862 [Worker-17] INFO  o.e.m.c.i.embedder.EclipseLogger - Copying 4 resources
2016-11-29 16:16:39,897 [Worker-17] INFO  o.e.m.c.i.embedder.EclipseLogger - Using 'UTF-8' encoding to copy filtered resources.
2016-11-29 16:16:39,902 [Worker-17] INFO  o.e.m.c.i.embedder.EclipseLogger - skip non existing resourceDirectory C:\Users\Jan\ProjektPZ\backend\src\test\resources
2016-11-29 16:16:43,504 [Worker-21] INFO  o.e.m.c.i.embedder.EclipseLogger - Using 'UTF-8' encoding to copy filtered resources.
2016-11-29 16:16:43,511 [Worker-21] INFO  o.e.m.c.i.embedder.EclipseLogger - Copying 0 resource
2016-11-29 16:16:43,523 [Worker-21] INFO  o.e.m.c.i.embedder.EclipseLogger - Copying 4 resources
2016-11-29 16:16:45,917 [Worker-21] INFO  o.e.m.c.i.embedder.EclipseLogger - Using 'UTF-8' encoding to copy filtered resources.
2016-11-29 16:16:45,923 [Worker-21] INFO  o.e.m.c.i.embedder.EclipseLogger - skip non existing resourceDirectory C:\Users\Jan\ProjektPZ\backend\src\test\resources
2016-11-29 16:28:28,038 [Worker-25] INFO  o.e.m.c.i.l.LifecycleMappingFactory - Using org.eclipse.m2e.jdt.JarLifecycleMapping lifecycle mapping for MavenProject: com.malinki.pz:backend:0.1.0 @ C:\Users\Jan\ProjektPZ\backend\pom.xml.
2016-11-29 16:28:29,781 [Worker-25] INFO  o.e.m.c.i.embedder.EclipseLogger - Using 'UTF-8' encoding to copy filtered resources.
2016-11-29 16:28:29,900 [Worker-25] INFO  o.e.m.c.i.embedder.EclipseLogger - Copying 0 resource
2016-11-29 16:28:29,908 [Worker-25] INFO  o.e.m.c.i.embedder.EclipseLogger - Copying 4 resources
2016-11-29 16:28:29,942 [Worker-25] INFO  o.e.m.c.i.embedder.EclipseLogger - Using 'UTF-8' encoding to copy filtered resources.
2016-11-29 16:28:29,942 [Worker-25] INFO  o.e.m.c.i.embedder.EclipseLogger - skip non existing resourceDirectory C:\Users\Jan\ProjektPZ\backend\src\test\resources
2016-11-29 16:32:18,944 [Worker-24] INFO  o.e.m.c.i.embedder.EclipseLogger - Using 'UTF-8' encoding to copy filtered resources.
2016-11-29 16:32:18,947 [Worker-24] INFO  o.e.m.c.i.embedder.EclipseLogger - Copying 0 resource
2016-11-29 16:32:18,949 [Worker-24] INFO  o.e.m.c.i.embedder.EclipseLogger - Copying 4 resources
2016-11-29 16:32:18,953 [Worker-24] INFO  o.e.m.c.i.embedder.EclipseLogger - Using 'UTF-8' encoding to copy filtered resources.
2016-11-29 16:32:19,050 [Worker-24] INFO  o.e.m.c.i.embedder.EclipseLogger - skip non existing resourceDirectory C:\Users\Jan\ProjektPZ\backend\src\test\resources
2016-11-29 16:39:52,154 [Worker-31] INFO  o.e.m.c.i.embedder.EclipseLogger - Using 'UTF-8' encoding to copy filtered resources.
2016-11-29 16:39:52,163 [Worker-31] INFO  o.e.m.c.i.embedder.EclipseLogger - Copying 0 resource
2016-11-29 16:39:52,212 [Worker-31] INFO  o.e.m.c.i.embedder.EclipseLogger - Copying 4 resources
2016-11-29 16:39:52,232 [Worker-31] INFO  o.e.m.c.i.embedder.EclipseLogger - Using 'UTF-8' encoding to copy filtered resources.
2016-11-29 16:39:52,235 [Worker-31] INFO  o.e.m.c.i.embedder.EclipseLogger - skip non existing resourceDirectory C:\Users\Jan\ProjektPZ\backend\src\test\resources
2016-11-29 16:40:01,019 [Worker-35] INFO  o.e.m.c.i.l.LifecycleMappingFactory - Using org.eclipse.m2e.jdt.JarLifecycleMapping lifecycle mapping for MavenProject: com.malinki.pz:backend:0.1.0 @ C:\Users\Jan\ProjektPZ\backend\pom.xml.
2016-11-29 16:40:03,125 [Worker-35] INFO  o.e.m.c.i.embedder.EclipseLogger - Using 'UTF-8' encoding to copy filtered resources.
2016-11-29 16:40:03,133 [Worker-35] INFO  o.e.m.c.i.embedder.EclipseLogger - Copying 0 resource
2016-11-29 16:40:03,138 [Worker-35] INFO  o.e.m.c.i.embedder.EclipseLogger - Copying 0 resource
2016-11-29 16:40:03,153 [Worker-35] INFO  o.e.m.c.i.embedder.EclipseLogger - Using 'UTF-8' encoding to copy filtered resources.
2016-11-29 16:40:03,154 [Worker-35] INFO  o.e.m.c.i.embedder.EclipseLogger - skip non existing resourceDirectory C:\Users\Jan\ProjektPZ\backend\src\test\resources
2016-11-29 16:41:52,218 [Worker-37] INFO  o.e.m.c.i.embedder.EclipseLogger - Using 'UTF-8' encoding to copy filtered resources.
2016-11-29 16:41:52,222 [Worker-37] INFO  o.e.m.c.i.embedder.EclipseLogger - Copying 0 resource
2016-11-29 16:41:52,224 [Worker-37] INFO  o.e.m.c.i.embedder.EclipseLogger - Copying 4 resources
2016-11-29 16:41:52,234 [Worker-37] INFO  o.e.m.c.i.embedder.EclipseLogger - Using 'UTF-8' encoding to copy filtered resources.
2016-11-29 16:41:52,249 [Worker-37] INFO  o.e.m.c.i.embedder.EclipseLogger - skip non existing resourceDirectory C:\Users\Jan\ProjektPZ\backend\src\test\resources
2016-11-29 16:46:46,193 [Worker-42] INFO  o.e.m.c.i.embedder.EclipseLogger - Using 'UTF-8' encoding to copy filtered resources.
2016-11-29 16:46:46,203 [Worker-42] INFO  o.e.m.c.i.embedder.EclipseLogger - Copying 0 resource
2016-11-29 16:46:46,311 [Worker-42] INFO  o.e.m.c.i.embedder.EclipseLogger - Copying 4 resources
2016-11-29 16:46:46,323 [Worker-42] INFO  o.e.m.c.i.embedder.EclipseLogger - Using 'UTF-8' encoding to copy filtered resources.
2016-11-29 16:46:46,323 [Worker-42] INFO  o.e.m.c.i.embedder.EclipseLogger - skip non existing resourceDirectory C:\Users\Jan\ProjektPZ\backend\src\test\resources
2016-11-29 16:49:14,843 [Worker-43] INFO  o.e.m.c.i.embedder.EclipseLogger - Using 'UTF-8' encoding to copy filtered resources.
2016-11-29 16:49:14,848 [Worker-43] INFO  o.e.m.c.i.embedder.EclipseLogger - Copying 0 resource
2016-11-29 16:49:14,898 [Worker-43] INFO  o.e.m.c.i.embedder.EclipseLogger - Copying 4 resources
2016-11-29 16:49:15,009 [Worker-43] INFO  o.e.m.c.i.embedder.EclipseLogger - Using 'UTF-8' encoding to copy filtered resources.
2016-11-29 16:49:15,047 [Worker-43] INFO  o.e.m.c.i.embedder.EclipseLogger - skip non existing resourceDirectory C:\Users\Jan\ProjektPZ\backend\src\test\resources
2016-11-29 16:49:22,901 [Worker-47] INFO  o.e.m.c.i.l.LifecycleMappingFactory - Using org.eclipse.m2e.jdt.JarLifecycleMapping lifecycle mapping for MavenProject: com.malinki.pz:backend:0.1.0 @ C:\Users\Jan\ProjektPZ\backend\pom.xml.
2016-11-29 16:49:24,237 [Worker-47] INFO  o.e.m.c.i.embedder.EclipseLogger - Using 'UTF-8' encoding to copy filtered resources.
2016-11-29 16:49:24,244 [Worker-47] INFO  o.e.m.c.i.embedder.EclipseLogger - Copying 0 resource
2016-11-29 16:49:24,250 [Worker-47] INFO  o.e.m.c.i.embedder.EclipseLogger - Copying 0 resource
2016-11-29 16:49:24,254 [Worker-47] INFO  o.e.m.c.i.embedder.EclipseLogger - Using 'UTF-8' encoding to copy filtered resources.
2016-11-29 16:49:24,262 [Worker-47] INFO  o.e.m.c.i.embedder.EclipseLogger - skip non existing resourceDirectory C:\Users\Jan\ProjektPZ\backend\src\test\resources
2016-11-29 16:50:20,816 [Worker-43] INFO  o.e.m.c.i.embedder.EclipseLogger - Using 'UTF-8' encoding to copy filtered resources.
2016-11-29 16:50:20,820 [Worker-43] INFO  o.e.m.c.i.embedder.EclipseLogger - Copying 0 resource
2016-11-29 16:50:20,822 [Worker-43] INFO  o.e.m.c.i.embedder.EclipseLogger - Copying 4 resources
2016-11-29 16:50:20,841 [Worker-43] INFO  o.e.m.c.i.embedder.EclipseLogger - Using 'UTF-8' encoding to copy filtered resources.
2016-11-29 16:50:20,847 [Worker-43] INFO  o.e.m.c.i.embedder.EclipseLogger - skip non existing resourceDirectory C:\Users\Jan\ProjektPZ\backend\src\test\resources
2016-11-29 16:50:23,321 [Worker-34] INFO  o.e.m.c.i.embedder.EclipseLogger - Using 'UTF-8' encoding to copy filtered resources.
2016-11-29 16:50:23,323 [Worker-34] INFO  o.e.m.c.i.embedder.EclipseLogger - Copying 0 resource
2016-11-29 16:50:23,332 [Worker-34] INFO  o.e.m.c.i.embedder.EclipseLogger - Copying 4 resources
2016-11-29 16:50:23,340 [Worker-34] INFO  o.e.m.c.i.embedder.EclipseLogger - Using 'UTF-8' encoding to copy filtered resources.
2016-11-29 16:50:23,349 [Worker-34] INFO  o.e.m.c.i.embedder.EclipseLogger - skip non existing resourceDirectory C:\Users\Jan\ProjektPZ\backend\src\test\resources
2016-11-29 16:51:44,490 [Worker-48] INFO  o.e.m.c.i.embedder.EclipseLogger - Using 'UTF-8' encoding to copy filtered resources.
2016-11-29 16:51:44,492 [Worker-48] INFO  o.e.m.c.i.embedder.EclipseLogger - Copying 0 resource
2016-11-29 16:51:44,546 [Worker-48] INFO  o.e.m.c.i.embedder.EclipseLogger - Copying 4 resources
2016-11-29 16:51:44,567 [Worker-48] INFO  o.e.m.c.i.embedder.EclipseLogger - Using 'UTF-8' encoding to copy filtered resources.
2016-11-29 16:51:44,567 [Worker-48] INFO  o.e.m.c.i.embedder.EclipseLogger - skip non existing resourceDirectory C:\Users\Jan\ProjektPZ\backend\src\test\resources
2016-11-29 16:51:53,470 [Worker-50] INFO  o.e.m.c.i.embedder.EclipseLogger - Using 'UTF-8' encoding to copy filtered resources.
2016-11-29 16:51:53,473 [Worker-50] INFO  o.e.m.c.i.embedder.EclipseLogger - Copying 0 resource
2016-11-29 16:51:53,475 [Worker-50] INFO  o.e.m.c.i.embedder.EclipseLogger - Copying 4 resources
2016-11-29 16:51:53,478 [Worker-50] INFO  o.e.m.c.i.embedder.EclipseLogger - Using 'UTF-8' encoding to copy filtered resources.
2016-11-29 16:51:53,478 [Worker-50] INFO  o.e.m.c.i.embedder.EclipseLogger - skip non existing resourceDirectory C:\Users\Jan\ProjektPZ\backend\src\test\resources
